<?xml version="1.0" encoding="UTF-8"?>
<!-- Generated by org.testng.reporters.JUnitReportReporter -->
<testsuite hostname="LAPTOP-BQ956QGJ" failures="0" tests="1" name="com.training.sanity.tests.FilterTest" time="20.404" errors="0" timestamp="15 Oct 2020 16:20:28 GMT" skipped="0">
  <testcase classname="com.training.sanity.tests.FilterTest" name="validLoginTest" time="20.404"/>
</testsuite> <!-- com.training.sanity.tests.FilterTest -->
