<?xml version="1.0" encoding="UTF-8"?>
<!-- Generated by org.testng.reporters.JUnitReportReporter -->
<testsuite hostname="LAPTOP-BQ956QGJ" failures="0" tests="1" name="com.training.sanity.tests.LoginTests" time="23.028" errors="0" timestamp="15 Oct 2020 15:18:25 GMT" skipped="0">
  <testcase classname="com.training.sanity.tests.LoginTests" name="validLoginTest" time="23.028"/>
</testsuite> <!-- com.training.sanity.tests.LoginTests -->
