<?xml version="1.0" encoding="UTF-8"?>
<!-- Generated by org.testng.reporters.JUnitReportReporter -->
<testsuite hostname="LAPTOP-BQ956QGJ" failures="0" tests="1" name="com.training.sanity.tests.DeleteCategoryTest" time="22.143" errors="0" timestamp="15 Oct 2020 15:19:30 GMT" skipped="0">
  <testcase classname="com.training.sanity.tests.DeleteCategoryTest" name="validLoginTest" time="22.143"/>
</testsuite> <!-- com.training.sanity.tests.DeleteCategoryTest -->
